#
# A fatal error has been detected by the Java Runtime Environment:
#
#  Internal Error (javaClasses.cpp:136), pid=11911, tid=140162479822592
#  fatal error: Invalid layout of preloaded class
#
# JRE version:  (7.0_55-b14) (build )
# Java VM: OpenJDK 64-Bit Server VM (24.51-b03 mixed mode linux-amd64 compressed oops)
# Failed to write core dump. Core dumps have been disabled. To enable core dumping, try "ulimit -c unlimited" before starting Java again
#
# If you would like to submit a bug report, please include
# instructions on how to reproduce the bug and visit:
#   http://icedtea.classpath.org/bugzilla
#

---------------  T H R E A D  ---------------

Current thread (0x00007f7a1800a800):  JavaThread "Unknown thread" [_thread_in_vm, id=11914, stack(0x00007f7a1ec21000,0x00007f7a1ed22000)]

Stack: [0x00007f7a1ec21000,0x00007f7a1ed22000],  sp=0x00007f7a1ed20910,  free space=1022k
Native frames: (J=compiled Java code, j=interpreted, Vv=VM code, C=native code)
V  [libjvm.so+0x917b35]  VMError::report_and_die()+0x175
V  [libjvm.so+0x4680b4]  report_fatal(char const*, int, char const*)+0x54
V  [libjvm.so+0x5c0e8a]  compute_offset(int&, klassOopDesc*, Symbol*, Symbol*, bool) [clone .constprop.121]+0x10a
V  [libjvm.so+0x5c1496]  java_lang_String::compute_offsets()+0x36
V  [libjvm.so+0x89e74c]  SystemDictionary::initialize_preloaded_classes(Thread*)+0xcc
V  [libjvm.so+0x8e9698]  Universe::genesis(Thread*)+0x468
V  [libjvm.so+0x8e9ca4]  universe2_init()+0x24
V  [libjvm.so+0x575b8a]  init_globals()+0x9a
V  [libjvm.so+0x8ccfaf]  Threads::create_vm(JavaVMInitArgs*, bool*)+0x35f
V  [libjvm.so+0x5df3d4]  JNI_CreateJavaVM+0x54
C  [libjli.so+0x2b18]  __strcat_chk+0x2b18


---------------  P R O C E S S  ---------------

Java Threads: ( => current thread )

Other Threads:

=>0x00007f7a1800a800 (exited) JavaThread "Unknown thread" [_thread_in_vm, id=11914, stack(0x00007f7a1ec21000,0x00007f7a1ed22000)]

VM state:not at safepoint (not fully initialized)

VM Mutex/Monitor currently owned by a thread: None

GC Heap History (0 events):
No events

Deoptimization events (0 events):
No events

Internal exceptions (0 events):
No events

Events (10 events):
Event: 0.020 loading class 0x00007f7a1c0126f0 done
Event: 0.020 loading class 0x00007f7a1c012110 done
Event: 0.020 loading class 0x00007f7a1c0120f0
Event: 0.020 loading class 0x00007f7a1c01a130
Event: 0.020 loading class 0x00007f7a1c01a130 done
Event: 0.020 loading class 0x00007f7a1c01a160
Event: 0.020 loading class 0x00007f7a1c01a160 done
Event: 0.020 loading class 0x00007f7a1c01a190
Event: 0.020 loading class 0x00007f7a1c01a190 done
Event: 0.020 loading class 0x00007f7a1c0120f0 done


Dynamic libraries:
00400000-00401000 r-xp 00000000 08:01 6032659                            /usr/lib/jvm/java-7-openjdk-amd64/jre/bin/java
00600000-00601000 r--p 00000000 08:01 6032659                            /usr/lib/jvm/java-7-openjdk-amd64/jre/bin/java
00601000-00602000 rw-p 00001000 08:01 6032659                            /usr/lib/jvm/java-7-openjdk-amd64/jre/bin/java
00f8a000-00fab000 rw-p 00000000 00:00 0                                  [heap]
c0000000-c1500000 rw-p 00000000 00:00 0 
c1500000-ca600000 rw-p 00000000 00:00 0 
ca600000-cc980000 rw-p 00000000 00:00 0 
cc980000-ee200000 rw-p 00000000 00:00 0 
ee200000-ef400000 rw-p 00000000 00:00 0 
ef400000-100000000 rw-p 00000000 00:00 0 
7f7a04000000-7f7a04021000 rw-p 00000000 00:00 0 
7f7a04021000-7f7a08000000 ---p 00000000 00:00 0 
7f7a0c000000-7f7a0c021000 rw-p 00000000 00:00 0 
7f7a0c021000-7f7a10000000 ---p 00000000 00:00 0 
7f7a11cfa000-7f7a11f57000 rw-p 00000000 00:00 0 
7f7a11f57000-7f7a1202e000 r--s 013fe000 08:01 2890511                    /home/kyle/android-sdk-linux/platforms/android-19/android.jar
7f7a1202e000-7f7a142a4000 rw-p 00000000 00:00 0 
7f7a142a4000-7f7a142a5000 ---p 00000000 00:00 0 
7f7a142a5000-7f7a143a5000 rw-p 00000000 00:00 0                          [stack:11919]
7f7a143a5000-7f7a143a6000 ---p 00000000 00:00 0 
7f7a143a6000-7f7a144b8000 rw-p 00000000 00:00 0                          [stack:11916]
7f7a144b8000-7f7a145c4000 rw-p 00000000 00:00 0 
7f7a145c4000-7f7a145cf000 rw-p 00000000 00:00 0 
7f7a145cf000-7f7a14617000 rw-p 00000000 00:00 0 
7f7a14617000-7f7a14629000 rw-p 00000000 00:00 0 
7f7a14629000-7f7a14735000 rw-p 00000000 00:00 0 
7f7a14735000-7f7a1473e000 rw-p 00000000 00:00 0 
7f7a1473e000-7f7a147c4000 rw-p 00000000 00:00 0 
7f7a147c4000-7f7a147c5000 rw-p 00000000 00:00 0 
7f7a147c5000-7f7a14a35000 rwxp 00000000 00:00 0 
7f7a14a35000-7f7a177c5000 rw-p 00000000 00:00 0 
7f7a177c5000-7f7a177cd000 r-xp 00000000 08:01 5900824                    /usr/lib/jvm/java-7-openjdk-amd64/jre/lib/amd64/libzip.so
7f7a177cd000-7f7a179cc000 ---p 00008000 08:01 5900824                    /usr/lib/jvm/java-7-openjdk-amd64/jre/lib/amd64/libzip.so
7f7a179cc000-7f7a179cd000 r--p 00007000 08:01 5900824                    /usr/lib/jvm/java-7-openjdk-amd64/jre/lib/amd64/libzip.so
7f7a179cd000-7f7a179ce000 rw-p 00008000 08:01 5900824                    /usr/lib/jvm/java-7-openjdk-amd64/jre/lib/amd64/libzip.so
7f7a179ce000-7f7a179d9000 r-xp 00000000 08:01 8917713                    /lib/x86_64-linux-gnu/libnss_files-2.19.so
7f7a179d9000-7f7a17bd8000 ---p 0000b000 08:01 8917713                    /lib/x86_64-linux-gnu/libnss_files-2.19.so
7f7a17bd8000-7f7a17bd9000 r--p 0000a000 08:01 8917713                    /lib/x86_64-linux-gnu/libnss_files-2.19.so
7f7a17bd9000-7f7a17bda000 rw-p 0000b000 08:01 8917713                    /lib/x86_64-linux-gnu/libnss_files-2.19.so
7f7a17bda000-7f7a17be5000 r-xp 00000000 08:01 8917835                    /lib/x86_64-linux-gnu/libnss_nis-2.19.so
7f7a17be5000-7f7a17de4000 ---p 0000b000 08:01 8917835                    /lib/x86_64-linux-gnu/libnss_nis-2.19.so
7f7a17de4000-7f7a17de5000 r--p 0000a000 08:01 8917835                    /lib/x86_64-linux-gnu/libnss_nis-2.19.so
7f7a17de5000-7f7a17de6000 rw-p 0000b000 08:01 8917835                    /lib/x86_64-linux-gnu/libnss_nis-2.19.so
7f7a17de6000-7f7a17dfd000 r-xp 00000000 08:01 8917832                    /lib/x86_64-linux-gnu/libnsl-2.19.so
7f7a17dfd000-7f7a17ffc000 ---p 00017000 08:01 8917832                    /lib/x86_64-linux-gnu/libnsl-2.19.so
7f7a17ffc000-7f7a17ffd000 r--p 00016000 08:01 8917832                    /lib/x86_64-linux-gnu/libnsl-2.19.so
7f7a17ffd000-7f7a17ffe000 rw-p 00017000 08:01 8917832                    /lib/x86_64-linux-gnu/libnsl-2.19.so
7f7a17ffe000-7f7a18000000 rw-p 00000000 00:00 0 
7f7a18000000-7f7a18053000 rw-p 00000000 00:00 0 
7f7a18053000-7f7a1c000000 ---p 00000000 00:00 0 
7f7a1c012000-7f7a1c0a0000 rw-p 00000000 00:00 0 
7f7a1c0a0000-7f7a1c0e8000 rw-p 00000000 00:00 0 
7f7a1c0e8000-7f7a1c0f1000 r-xp 00000000 08:01 8917836                    /lib/x86_64-linux-gnu/libnss_compat-2.19.so
7f7a1c0f1000-7f7a1c2f0000 ---p 00009000 08:01 8917836                    /lib/x86_64-linux-gnu/libnss_compat-2.19.so
7f7a1c2f0000-7f7a1c2f1000 r--p 00008000 08:01 8917836                    /lib/x86_64-linux-gnu/libnss_compat-2.19.so
7f7a1c2f1000-7f7a1c2f2000 rw-p 00009000 08:01 8917836                    /lib/x86_64-linux-gnu/libnss_compat-2.19.so
7f7a1c2f2000-7f7a1c31d000 r-xp 00000000 08:01 5900820                    /usr/lib/jvm/java-7-openjdk-amd64/jre/lib/amd64/libjava.so
7f7a1c31d000-7f7a1c51c000 ---p 0002b000 08:01 5900820                    /usr/lib/jvm/java-7-openjdk-amd64/jre/lib/amd64/libjava.so
7f7a1c51c000-7f7a1c51d000 r--p 0002a000 08:01 5900820                    /usr/lib/jvm/java-7-openjdk-amd64/jre/lib/amd64/libjava.so
7f7a1c51d000-7f7a1c51f000 rw-p 0002b000 08:01 5900820                    /usr/lib/jvm/java-7-openjdk-amd64/jre/lib/amd64/libjava.so
7f7a1c51f000-7f7a1c52f000 r-xp 00000000 08:01 5900851                    /usr/lib/jvm/java-7-openjdk-amd64/jre/lib/amd64/libverify.so
7f7a1c52f000-7f7a1c72e000 ---p 00010000 08:01 5900851                    /usr/lib/jvm/java-7-openjdk-amd64/jre/lib/amd64/libverify.so
7f7a1c72e000-7f7a1c730000 r--p 0000f000 08:01 5900851                    /usr/lib/jvm/java-7-openjdk-amd64/jre/lib/amd64/libverify.so
7f7a1c730000-7f7a1c731000 rw-p 00011000 08:01 5900851                    /usr/lib/jvm/java-7-openjdk-amd64/jre/lib/amd64/libverify.so
7f7a1c731000-7f7a1c738000 r-xp 00000000 08:01 8917912                    /lib/x86_64-linux-gnu/librt-2.19.so
7f7a1c738000-7f7a1c937000 ---p 00007000 08:01 8917912                    /lib/x86_64-linux-gnu/librt-2.19.so
7f7a1c937000-7f7a1c938000 r--p 00006000 08:01 8917912                    /lib/x86_64-linux-gnu/librt-2.19.so
7f7a1c938000-7f7a1c939000 rw-p 00007000 08:01 8917912                    /lib/x86_64-linux-gnu/librt-2.19.so
7f7a1c939000-7f7a1c94f000 r-xp 00000000 08:01 8916740                    /lib/x86_64-linux-gnu/libgcc_s.so.1
7f7a1c94f000-7f7a1cb4e000 ---p 00016000 08:01 8916740                    /lib/x86_64-linux-gnu/libgcc_s.so.1
7f7a1cb4e000-7f7a1cb4f000 rw-p 00015000 08:01 8916740                    /lib/x86_64-linux-gnu/libgcc_s.so.1
7f7a1cb4f000-7f7a1cc54000 r-xp 00000000 08:01 8917746                    /lib/x86_64-linux-gnu/libm-2.19.so
7f7a1cc54000-7f7a1ce53000 ---p 00105000 08:01 8917746                    /lib/x86_64-linux-gnu/libm-2.19.so
7f7a1ce53000-7f7a1ce54000 r--p 00104000 08:01 8917746                    /lib/x86_64-linux-gnu/libm-2.19.so
7f7a1ce54000-7f7a1ce55000 rw-p 00105000 08:01 8917746                    /lib/x86_64-linux-gnu/libm-2.19.so
7f7a1ce55000-7f7a1cf3b000 r-xp 00000000 08:01 4981081                    /usr/lib/x86_64-linux-gnu/libstdc++.so.6.0.19
7f7a1cf3b000-7f7a1d13a000 ---p 000e6000 08:01 4981081                    /usr/lib/x86_64-linux-gnu/libstdc++.so.6.0.19
7f7a1d13a000-7f7a1d142000 r--p 000e5000 08:01 4981081                    /usr/lib/x86_64-linux-gnu/libstdc++.so.6.0.19
7f7a1d142000-7f7a1d144000 rw-p 000ed000 08:01 4981081                    /usr/lib/x86_64-linux-gnu/libstdc++.so.6.0.19
7f7a1d144000-7f7a1d159000 rw-p 00000000 00:00 0 
7f7a1d159000-7f7a1dc3a000 r-xp 00000000 08:01 5900834                    /usr/lib/jvm/java-7-openjdk-amd64/jre/lib/amd64/server/libjvm.so
7f7a1dc3a000-7f7a1de39000 ---p 00ae1000 08:01 5900834                    /usr/lib/jvm/java-7-openjdk-amd64/jre/lib/amd64/server/libjvm.so
7f7a1de39000-7f7a1decb000 r--p 00ae0000 08:01 5900834                    /usr/lib/jvm/java-7-openjdk-amd64/jre/lib/amd64/server/libjvm.so
7f7a1decb000-7f7a1deee000 rw-p 00b72000 08:01 5900834                    /usr/lib/jvm/java-7-openjdk-amd64/jre/lib/amd64/server/libjvm.so
7f7a1deee000-7f7a1df1b000 rw-p 00000000 00:00 0 
7f7a1df1b000-7f7a1df33000 r-xp 00000000 08:01 8916921                    /lib/x86_64-linux-gnu/libz.so.1.2.8
7f7a1df33000-7f7a1e132000 ---p 00018000 08:01 8916921                    /lib/x86_64-linux-gnu/libz.so.1.2.8
7f7a1e132000-7f7a1e133000 r--p 00017000 08:01 8916921                    /lib/x86_64-linux-gnu/libz.so.1.2.8
7f7a1e133000-7f7a1e134000 rw-p 00018000 08:01 8916921                    /lib/x86_64-linux-gnu/libz.so.1.2.8
7f7a1e134000-7f7a1e14d000 r-xp 00000000 08:01 8917911                    /lib/x86_64-linux-gnu/libpthread-2.19.so
7f7a1e14d000-7f7a1e34c000 ---p 00019000 08:01 8917911                    /lib/x86_64-linux-gnu/libpthread-2.19.so
7f7a1e34c000-7f7a1e34d000 r--p 00018000 08:01 8917911                    /lib/x86_64-linux-gnu/libpthread-2.19.so
7f7a1e34d000-7f7a1e34e000 rw-p 00019000 08:01 8917911                    /lib/x86_64-linux-gnu/libpthread-2.19.so
7f7a1e34e000-7f7a1e352000 rw-p 00000000 00:00 0 
7f7a1e352000-7f7a1e355000 r-xp 00000000 08:01 8917900                    /lib/x86_64-linux-gnu/libdl-2.19.so
7f7a1e355000-7f7a1e554000 ---p 00003000 08:01 8917900                    /lib/x86_64-linux-gnu/libdl-2.19.so
7f7a1e554000-7f7a1e555000 r--p 00002000 08:01 8917900                    /lib/x86_64-linux-gnu/libdl-2.19.so
7f7a1e555000-7f7a1e556000 rw-p 00003000 08:01 8917900                    /lib/x86_64-linux-gnu/libdl-2.19.so
7f7a1e556000-7f7a1e712000 r-xp 00000000 08:01 8916724                    /lib/x86_64-linux-gnu/libc-2.19.so
7f7a1e712000-7f7a1e911000 ---p 001bc000 08:01 8916724                    /lib/x86_64-linux-gnu/libc-2.19.so
7f7a1e911000-7f7a1e915000 r--p 001bb000 08:01 8916724                    /lib/x86_64-linux-gnu/libc-2.19.so
7f7a1e915000-7f7a1e917000 rw-p 001bf000 08:01 8916724                    /lib/x86_64-linux-gnu/libc-2.19.so
7f7a1e917000-7f7a1e91c000 rw-p 00000000 00:00 0 
7f7a1e91c000-7f7a1e929000 r-xp 00000000 08:01 5900844                    /usr/lib/jvm/java-7-openjdk-amd64/jre/lib/amd64/jli/libjli.so
7f7a1e929000-7f7a1eb28000 ---p 0000d000 08:01 5900844                    /usr/lib/jvm/java-7-openjdk-amd64/jre/lib/amd64/jli/libjli.so
7f7a1eb28000-7f7a1eb29000 r--p 0000c000 08:01 5900844                    /usr/lib/jvm/java-7-openjdk-amd64/jre/lib/amd64/jli/libjli.so
7f7a1eb29000-7f7a1eb2a000 rw-p 0000d000 08:01 5900844                    /usr/lib/jvm/java-7-openjdk-amd64/jre/lib/amd64/jli/libjli.so
7f7a1eb2a000-7f7a1eb4d000 r-xp 00000000 08:01 8916723                    /lib/x86_64-linux-gnu/ld-2.19.so
7f7a1eb61000-7f7a1eb6b000 rw-p 00000000 00:00 0 
7f7a1eb6b000-7f7a1ec21000 rw-p 00000000 00:00 0 
7f7a1ec21000-7f7a1ec24000 ---p 00000000 00:00 0 
7f7a1ec24000-7f7a1ed27000 rw-p 00000000 00:00 0                          [stack:11914]
7f7a1ed2a000-7f7a1ed40000 rw-p 00000000 00:00 0 
7f7a1ed40000-7f7a1ed48000 rw-s 00000000 08:01 8390528                    /tmp/hsperfdata_kyle/11911
7f7a1ed48000-7f7a1ed49000 rw-p 00000000 00:00 0 
7f7a1ed49000-7f7a1ed4a000 r--p 00000000 00:00 0 
7f7a1ed4a000-7f7a1ed4c000 rw-p 00000000 00:00 0 
7f7a1ed4c000-7f7a1ed4d000 r--p 00022000 08:01 8916723                    /lib/x86_64-linux-gnu/ld-2.19.so
7f7a1ed4d000-7f7a1ed4e000 rw-p 00023000 08:01 8916723                    /lib/x86_64-linux-gnu/ld-2.19.so
7f7a1ed4e000-7f7a1ed4f000 rw-p 00000000 00:00 0 
7fff1b40c000-7fff1b42d000 rw-p 00000000 00:00 0                          [stack]
7fff1b4f8000-7fff1b4fa000 r-xp 00000000 00:00 0                          [vdso]
ffffffffff600000-ffffffffff601000 r-xp 00000000 00:00 0                  [vsyscall]

VM Arguments:
jvm_args: -Dfile.encoding=UTF-8 -Xbootclasspath:/home/kyle/android-sdk-linux/platforms/android-19/android.jar:/home/kyle/android-sdk-linux/add-ons/addon-google_apis-google-19/libs/effects.jar:/home/kyle/android-sdk-linux/add-ons/addon-google_apis-google-19/libs/usb.jar:/home/kyle/android-sdk-linux/add-ons/addon-google_apis-google-19/libs/maps.jar 
java_command: org.eclipse.jdt.internal.junit.runner.RemoteTestRunner -version 3 -port 49208 -testLoaderClass org.eclipse.jdt.internal.junit.runner.junit3.JUnit3TestLoader -loaderpluginname org.eclipse.jdt.junit.runtime -classNames org.tomdroid.test.TomdroidGuiTest
Launcher Type: SUN_STANDARD

Environment Variables:
JAVA_HOME=/home/kyle/usr/local/java/jdk1.8.0_05
PATH=/usr/local/sbin:/usr/local/bin:/usr/sbin:/usr/bin:/sbin:/bin:/usr/games:/usr/local/games:/home/kyle/android-studio/bin:
LD_LIBRARY_PATH=/usr/lib32
SHELL=/bin/bash
DISPLAY=:0.0

Signal Handlers:
SIGSEGV: [libjvm.so+0x918620], sa_mask[0]=0x7ffbfeff, sa_flags=0x10000004
SIGBUS: [libjvm.so+0x918620], sa_mask[0]=0x7ffbfeff, sa_flags=0x10000004
SIGFPE: [libjvm.so+0x795e30], sa_mask[0]=0x7ffbfeff, sa_flags=0x10000004
SIGPIPE: [libjvm.so+0x795e30], sa_mask[0]=0x7ffbfeff, sa_flags=0x10000004
SIGXFSZ: [libjvm.so+0x795e30], sa_mask[0]=0x7ffbfeff, sa_flags=0x10000004
SIGILL: [libjvm.so+0x795e30], sa_mask[0]=0x7ffbfeff, sa_flags=0x10000004
SIGUSR1: SIG_DFL, sa_mask[0]=0x00000000, sa_flags=0x00000000
SIGUSR2: [libjvm.so+0x795cd0], sa_mask[0]=0x00000004, sa_flags=0x10000004
SIGHUP: SIG_DFL, sa_mask[0]=0x00000000, sa_flags=0x00000000
SIGINT: SIG_DFL, sa_mask[0]=0x00000000, sa_flags=0x00000000
SIGTERM: SIG_DFL, sa_mask[0]=0x00000000, sa_flags=0x00000000
SIGQUIT: SIG_DFL, sa_mask[0]=0x00000000, sa_flags=0x00000000


---------------  S Y S T E M  ---------------

OS:Ubuntu 14.04 (trusty)
uname:Linux 3.13.0-29-generic #53-Ubuntu SMP Wed Jun 4 21:00:20 UTC 2014 x86_64
libc:glibc 2.19 NPTL 2.19 
rlimit: STACK 8192k, CORE 0k, NPROC 27247, NOFILE 4096, AS infinity
load average:0.77 0.82 0.88

/proc/meminfo:
MemTotal:        3509272 kB
MemFree:          213064 kB
Buffers:           34452 kB
Cached:           375584 kB
SwapCached:       106732 kB
Active:          1905292 kB
Inactive:         772064 kB
Active(anon):    1720632 kB
Inactive(anon):   638612 kB
Active(file):     184660 kB
Inactive(file):   133452 kB
Unevictable:         264 kB
Mlocked:             264 kB
SwapTotal:       3645436 kB
SwapFree:        2922304 kB
Dirty:               244 kB
Writeback:             0 kB
AnonPages:       2213436 kB
Mapped:           333752 kB
Shmem:             91924 kB
Slab:             273428 kB
SReclaimable:     233568 kB
SUnreclaim:        39860 kB
KernelStack:        5032 kB
PageTables:        60500 kB
NFS_Unstable:          0 kB
Bounce:                0 kB
WritebackTmp:          0 kB
CommitLimit:     5400072 kB
Committed_AS:    7674480 kB
VmallocTotal:   34359738367 kB
VmallocUsed:      103720 kB
VmallocChunk:   34359625876 kB
HardwareCorrupted:     0 kB
AnonHugePages:    632832 kB
HugePages_Total:       0
HugePages_Free:        0
HugePages_Rsvd:        0
HugePages_Surp:        0
Hugepagesize:       2048 kB
DirectMap4k:      515880 kB
DirectMap2M:     3131392 kB
DirectMap1G:           0 kB


CPU:total 2 (2 cores per cpu, 1 threads per core) family 18 model 1 stepping 0, cmov, cx8, fxsr, mmx, sse, sse2, sse3, popcnt, mmxext, 3dnowpref, lzcnt, sse4a, tsc, tscinvbit, tscinv

/proc/cpuinfo:
processor	: 0
vendor_id	: AuthenticAMD
cpu family	: 18
model		: 1
model name	: AMD A4-3300M APU with Radeon(tm) HD Graphics
stepping	: 0
microcode	: 0x3000027
cpu MHz		: 1900.000
cache size	: 1024 KB
physical id	: 0
siblings	: 2
core id		: 0
cpu cores	: 2
apicid		: 0
initial apicid	: 0
fpu		: yes
fpu_exception	: yes
cpuid level	: 6
wp		: yes
flags		: fpu vme de pse tsc msr pae mce cx8 apic sep mtrr pge mca cmov pat pse36 clflush mmx fxsr sse sse2 ht syscall nx mmxext fxsr_opt pdpe1gb rdtscp lm 3dnowext 3dnow constant_tsc rep_good nopl nonstop_tsc extd_apicid aperfmperf pni monitor cx16 popcnt lahf_lm cmp_legacy svm extapic cr8_legacy abm sse4a misalignsse 3dnowprefetch osvw ibs skinit wdt arat cpb hw_pstate npt lbrv svm_lock nrip_save pausefilter
bogomips	: 3793.45
TLB size	: 1536 4K pages
clflush size	: 64
cache_alignment	: 64
address sizes	: 40 bits physical, 48 bits virtual
power management: ts ttp tm stc 100mhzsteps hwpstate cpb

processor	: 1
vendor_id	: AuthenticAMD
cpu family	: 18
model		: 1
model name	: AMD A4-3300M APU with Radeon(tm) HD Graphics
stepping	: 0
microcode	: 0x3000027
cpu MHz		: 1900.000
cache size	: 1024 KB
physical id	: 0
siblings	: 2
core id		: 1
cpu cores	: 2
apicid		: 1
initial apicid	: 1
fpu		: yes
fpu_exception	: yes
cpuid level	: 6
wp		: yes
flags		: fpu vme de pse tsc msr pae mce cx8 apic sep mtrr pge mca cmov pat pse36 clflush mmx fxsr sse sse2 ht syscall nx mmxext fxsr_opt pdpe1gb rdtscp lm 3dnowext 3dnow constant_tsc rep_good nopl nonstop_tsc extd_apicid aperfmperf pni monitor cx16 popcnt lahf_lm cmp_legacy svm extapic cr8_legacy abm sse4a misalignsse 3dnowprefetch osvw ibs skinit wdt arat cpb hw_pstate npt lbrv svm_lock nrip_save pausefilter
bogomips	: 3793.45
TLB size	: 1536 4K pages
clflush size	: 64
cache_alignment	: 64
address sizes	: 40 bits physical, 48 bits virtual
power management: ts ttp tm stc 100mhzsteps hwpstate cpb



Memory: 4k page, physical 3509272k(213064k free), swap 3645436k(2922304k free)

vm_info: OpenJDK 64-Bit Server VM (24.51-b03) for linux-amd64 JRE (1.7.0_55-b14), built on Apr 17 2014 20:08:07 by "buildd" with gcc 4.8.2

time: Fri Jun 13 11:27:02 2014
elapsed time: 0 seconds

