#
# A fatal error has been detected by the Java Runtime Environment:
#
#  Internal Error (javaClasses.cpp:136), pid=11889, tid=140032737437440
#  fatal error: Invalid layout of preloaded class
#
# JRE version:  (7.0_55-b14) (build )
# Java VM: OpenJDK 64-Bit Server VM (24.51-b03 mixed mode linux-amd64 compressed oops)
# Failed to write core dump. Core dumps have been disabled. To enable core dumping, try "ulimit -c unlimited" before starting Java again
#
# If you would like to submit a bug report, please include
# instructions on how to reproduce the bug and visit:
#   http://icedtea.classpath.org/bugzilla
#

---------------  T H R E A D  ---------------

Current thread (0x00007f5be000a800):  JavaThread "Unknown thread" [_thread_in_vm, id=11891, stack(0x00007f5be9826000,0x00007f5be9927000)]

Stack: [0x00007f5be9826000,0x00007f5be9927000],  sp=0x00007f5be9925910,  free space=1022k
Native frames: (J=compiled Java code, j=interpreted, Vv=VM code, C=native code)
V  [libjvm.so+0x917b35]  VMError::report_and_die()+0x175
V  [libjvm.so+0x4680b4]  report_fatal(char const*, int, char const*)+0x54
V  [libjvm.so+0x5c0e8a]  compute_offset(int&, klassOopDesc*, Symbol*, Symbol*, bool) [clone .constprop.121]+0x10a
V  [libjvm.so+0x5c1496]  java_lang_String::compute_offsets()+0x36
V  [libjvm.so+0x89e74c]  SystemDictionary::initialize_preloaded_classes(Thread*)+0xcc
V  [libjvm.so+0x8e9698]  Universe::genesis(Thread*)+0x468
V  [libjvm.so+0x8e9ca4]  universe2_init()+0x24
V  [libjvm.so+0x575b8a]  init_globals()+0x9a
V  [libjvm.so+0x8ccfaf]  Threads::create_vm(JavaVMInitArgs*, bool*)+0x35f
V  [libjvm.so+0x5df3d4]  JNI_CreateJavaVM+0x54
C  [libjli.so+0x2b18]  __strcat_chk+0x2b18


---------------  P R O C E S S  ---------------

Java Threads: ( => current thread )

Other Threads:

=>0x00007f5be000a800 (exited) JavaThread "Unknown thread" [_thread_in_vm, id=11891, stack(0x00007f5be9826000,0x00007f5be9927000)]

VM state:not at safepoint (not fully initialized)

VM Mutex/Monitor currently owned by a thread: None

GC Heap History (0 events):
No events

Deoptimization events (0 events):
No events

Internal exceptions (0 events):
No events

Events (10 events):
Event: 0.018 loading class 0x00007f5be5cbb6f0 done
Event: 0.019 loading class 0x00007f5be5cbb110 done
Event: 0.019 loading class 0x00007f5be5cbb0f0
Event: 0.019 loading class 0x00007f5be5cc3130
Event: 0.019 loading class 0x00007f5be5cc3130 done
Event: 0.019 loading class 0x00007f5be5cc3160
Event: 0.019 loading class 0x00007f5be5cc3160 done
Event: 0.019 loading class 0x00007f5be5cc3190
Event: 0.019 loading class 0x00007f5be5cc3190 done
Event: 0.020 loading class 0x00007f5be5cbb0f0 done


Dynamic libraries:
00400000-00401000 r-xp 00000000 08:01 6032659                            /usr/lib/jvm/java-7-openjdk-amd64/jre/bin/java
00600000-00601000 r--p 00000000 08:01 6032659                            /usr/lib/jvm/java-7-openjdk-amd64/jre/bin/java
00601000-00602000 rw-p 00001000 08:01 6032659                            /usr/lib/jvm/java-7-openjdk-amd64/jre/bin/java
01aa9000-01aca000 rw-p 00000000 00:00 0                                  [heap]
c0000000-c1500000 rw-p 00000000 00:00 0 
c1500000-ca600000 rw-p 00000000 00:00 0 
ca600000-cc980000 rw-p 00000000 00:00 0 
cc980000-ee200000 rw-p 00000000 00:00 0 
ee200000-ef400000 rw-p 00000000 00:00 0 
ef400000-100000000 rw-p 00000000 00:00 0 
7f5bcc000000-7f5bcc021000 rw-p 00000000 00:00 0 
7f5bcc021000-7f5bd0000000 ---p 00000000 00:00 0 
7f5bd4000000-7f5bd4021000 rw-p 00000000 00:00 0 
7f5bd4021000-7f5bd8000000 ---p 00000000 00:00 0 
7f5bdb000000-7f5bdd000000 rw-p 00000000 00:00 0 
7f5bdd000000-7f5bdd270000 rwxp 00000000 00:00 0 
7f5bdd270000-7f5be0053000 rw-p 00000000 00:00 0 
7f5be0053000-7f5be4000000 ---p 00000000 00:00 0 
7f5be5911000-7f5be5b6e000 rw-p 00000000 00:00 0 
7f5be5b6e000-7f5be5c45000 r--s 013fe000 08:01 2890511                    /home/kyle/android-sdk-linux/platforms/android-19/android.jar
7f5be5c45000-7f5be5f3e000 rw-p 00000000 00:00 0 
7f5be5f3e000-7f5be5f3f000 ---p 00000000 00:00 0 
7f5be5f3f000-7f5be603f000 rw-p 00000000 00:00 0                          [stack:11894]
7f5be603f000-7f5be6040000 ---p 00000000 00:00 0 
7f5be6040000-7f5be614b000 rw-p 00000000 00:00 0                          [stack:11893]
7f5be614b000-7f5be6193000 rw-p 00000000 00:00 0 
7f5be6193000-7f5be61a5000 rw-p 00000000 00:00 0 
7f5be61a5000-7f5be62b1000 rw-p 00000000 00:00 0 
7f5be62b1000-7f5be62bc000 rw-p 00000000 00:00 0 
7f5be62bc000-7f5be6304000 rw-p 00000000 00:00 0 
7f5be6304000-7f5be6316000 rw-p 00000000 00:00 0 
7f5be6316000-7f5be6422000 rw-p 00000000 00:00 0 
7f5be6422000-7f5be642b000 rw-p 00000000 00:00 0 
7f5be642b000-7f5be64b1000 rw-p 00000000 00:00 0 
7f5be64b1000-7f5be64b2000 rw-p 00000000 00:00 0 
7f5be64b2000-7f5be64ba000 r-xp 00000000 08:01 5900824                    /usr/lib/jvm/java-7-openjdk-amd64/jre/lib/amd64/libzip.so
7f5be64ba000-7f5be66b9000 ---p 00008000 08:01 5900824                    /usr/lib/jvm/java-7-openjdk-amd64/jre/lib/amd64/libzip.so
7f5be66b9000-7f5be66ba000 r--p 00007000 08:01 5900824                    /usr/lib/jvm/java-7-openjdk-amd64/jre/lib/amd64/libzip.so
7f5be66ba000-7f5be66bb000 rw-p 00008000 08:01 5900824                    /usr/lib/jvm/java-7-openjdk-amd64/jre/lib/amd64/libzip.so
7f5be66bb000-7f5be66c6000 r-xp 00000000 08:01 8917713                    /lib/x86_64-linux-gnu/libnss_files-2.19.so
7f5be66c6000-7f5be68c5000 ---p 0000b000 08:01 8917713                    /lib/x86_64-linux-gnu/libnss_files-2.19.so
7f5be68c5000-7f5be68c6000 r--p 0000a000 08:01 8917713                    /lib/x86_64-linux-gnu/libnss_files-2.19.so
7f5be68c6000-7f5be68c7000 rw-p 0000b000 08:01 8917713                    /lib/x86_64-linux-gnu/libnss_files-2.19.so
7f5be68c7000-7f5be68d2000 r-xp 00000000 08:01 8917835                    /lib/x86_64-linux-gnu/libnss_nis-2.19.so
7f5be68d2000-7f5be6ad1000 ---p 0000b000 08:01 8917835                    /lib/x86_64-linux-gnu/libnss_nis-2.19.so
7f5be6ad1000-7f5be6ad2000 r--p 0000a000 08:01 8917835                    /lib/x86_64-linux-gnu/libnss_nis-2.19.so
7f5be6ad2000-7f5be6ad3000 rw-p 0000b000 08:01 8917835                    /lib/x86_64-linux-gnu/libnss_nis-2.19.so
7f5be6ad3000-7f5be6aea000 r-xp 00000000 08:01 8917832                    /lib/x86_64-linux-gnu/libnsl-2.19.so
7f5be6aea000-7f5be6ce9000 ---p 00017000 08:01 8917832                    /lib/x86_64-linux-gnu/libnsl-2.19.so
7f5be6ce9000-7f5be6cea000 r--p 00016000 08:01 8917832                    /lib/x86_64-linux-gnu/libnsl-2.19.so
7f5be6cea000-7f5be6ceb000 rw-p 00017000 08:01 8917832                    /lib/x86_64-linux-gnu/libnsl-2.19.so
7f5be6ceb000-7f5be6ced000 rw-p 00000000 00:00 0 
7f5be6ced000-7f5be6cf6000 r-xp 00000000 08:01 8917836                    /lib/x86_64-linux-gnu/libnss_compat-2.19.so
7f5be6cf6000-7f5be6ef5000 ---p 00009000 08:01 8917836                    /lib/x86_64-linux-gnu/libnss_compat-2.19.so
7f5be6ef5000-7f5be6ef6000 r--p 00008000 08:01 8917836                    /lib/x86_64-linux-gnu/libnss_compat-2.19.so
7f5be6ef6000-7f5be6ef7000 rw-p 00009000 08:01 8917836                    /lib/x86_64-linux-gnu/libnss_compat-2.19.so
7f5be6ef7000-7f5be6f22000 r-xp 00000000 08:01 5900820                    /usr/lib/jvm/java-7-openjdk-amd64/jre/lib/amd64/libjava.so
7f5be6f22000-7f5be7121000 ---p 0002b000 08:01 5900820                    /usr/lib/jvm/java-7-openjdk-amd64/jre/lib/amd64/libjava.so
7f5be7121000-7f5be7122000 r--p 0002a000 08:01 5900820                    /usr/lib/jvm/java-7-openjdk-amd64/jre/lib/amd64/libjava.so
7f5be7122000-7f5be7124000 rw-p 0002b000 08:01 5900820                    /usr/lib/jvm/java-7-openjdk-amd64/jre/lib/amd64/libjava.so
7f5be7124000-7f5be7134000 r-xp 00000000 08:01 5900851                    /usr/lib/jvm/java-7-openjdk-amd64/jre/lib/amd64/libverify.so
7f5be7134000-7f5be7333000 ---p 00010000 08:01 5900851                    /usr/lib/jvm/java-7-openjdk-amd64/jre/lib/amd64/libverify.so
7f5be7333000-7f5be7335000 r--p 0000f000 08:01 5900851                    /usr/lib/jvm/java-7-openjdk-amd64/jre/lib/amd64/libverify.so
7f5be7335000-7f5be7336000 rw-p 00011000 08:01 5900851                    /usr/lib/jvm/java-7-openjdk-amd64/jre/lib/amd64/libverify.so
7f5be7336000-7f5be733d000 r-xp 00000000 08:01 8917912                    /lib/x86_64-linux-gnu/librt-2.19.so
7f5be733d000-7f5be753c000 ---p 00007000 08:01 8917912                    /lib/x86_64-linux-gnu/librt-2.19.so
7f5be753c000-7f5be753d000 r--p 00006000 08:01 8917912                    /lib/x86_64-linux-gnu/librt-2.19.so
7f5be753d000-7f5be753e000 rw-p 00007000 08:01 8917912                    /lib/x86_64-linux-gnu/librt-2.19.so
7f5be753e000-7f5be7554000 r-xp 00000000 08:01 8916740                    /lib/x86_64-linux-gnu/libgcc_s.so.1
7f5be7554000-7f5be7753000 ---p 00016000 08:01 8916740                    /lib/x86_64-linux-gnu/libgcc_s.so.1
7f5be7753000-7f5be7754000 rw-p 00015000 08:01 8916740                    /lib/x86_64-linux-gnu/libgcc_s.so.1
7f5be7754000-7f5be7859000 r-xp 00000000 08:01 8917746                    /lib/x86_64-linux-gnu/libm-2.19.so
7f5be7859000-7f5be7a58000 ---p 00105000 08:01 8917746                    /lib/x86_64-linux-gnu/libm-2.19.so
7f5be7a58000-7f5be7a59000 r--p 00104000 08:01 8917746                    /lib/x86_64-linux-gnu/libm-2.19.so
7f5be7a59000-7f5be7a5a000 rw-p 00105000 08:01 8917746                    /lib/x86_64-linux-gnu/libm-2.19.so
7f5be7a5a000-7f5be7b40000 r-xp 00000000 08:01 4981081                    /usr/lib/x86_64-linux-gnu/libstdc++.so.6.0.19
7f5be7b40000-7f5be7d3f000 ---p 000e6000 08:01 4981081                    /usr/lib/x86_64-linux-gnu/libstdc++.so.6.0.19
7f5be7d3f000-7f5be7d47000 r--p 000e5000 08:01 4981081                    /usr/lib/x86_64-linux-gnu/libstdc++.so.6.0.19
7f5be7d47000-7f5be7d49000 rw-p 000ed000 08:01 4981081                    /usr/lib/x86_64-linux-gnu/libstdc++.so.6.0.19
7f5be7d49000-7f5be7d5e000 rw-p 00000000 00:00 0 
7f5be7d5e000-7f5be883f000 r-xp 00000000 08:01 5900834                    /usr/lib/jvm/java-7-openjdk-amd64/jre/lib/amd64/server/libjvm.so
7f5be883f000-7f5be8a3e000 ---p 00ae1000 08:01 5900834                    /usr/lib/jvm/java-7-openjdk-amd64/jre/lib/amd64/server/libjvm.so
7f5be8a3e000-7f5be8ad0000 r--p 00ae0000 08:01 5900834                    /usr/lib/jvm/java-7-openjdk-amd64/jre/lib/amd64/server/libjvm.so
7f5be8ad0000-7f5be8af3000 rw-p 00b72000 08:01 5900834                    /usr/lib/jvm/java-7-openjdk-amd64/jre/lib/amd64/server/libjvm.so
7f5be8af3000-7f5be8b20000 rw-p 00000000 00:00 0 
7f5be8b20000-7f5be8b38000 r-xp 00000000 08:01 8916921                    /lib/x86_64-linux-gnu/libz.so.1.2.8
7f5be8b38000-7f5be8d37000 ---p 00018000 08:01 8916921                    /lib/x86_64-linux-gnu/libz.so.1.2.8
7f5be8d37000-7f5be8d38000 r--p 00017000 08:01 8916921                    /lib/x86_64-linux-gnu/libz.so.1.2.8
7f5be8d38000-7f5be8d39000 rw-p 00018000 08:01 8916921                    /lib/x86_64-linux-gnu/libz.so.1.2.8
7f5be8d39000-7f5be8d52000 r-xp 00000000 08:01 8917911                    /lib/x86_64-linux-gnu/libpthread-2.19.so
7f5be8d52000-7f5be8f51000 ---p 00019000 08:01 8917911                    /lib/x86_64-linux-gnu/libpthread-2.19.so
7f5be8f51000-7f5be8f52000 r--p 00018000 08:01 8917911                    /lib/x86_64-linux-gnu/libpthread-2.19.so
7f5be8f52000-7f5be8f53000 rw-p 00019000 08:01 8917911                    /lib/x86_64-linux-gnu/libpthread-2.19.so
7f5be8f53000-7f5be8f57000 rw-p 00000000 00:00 0 
7f5be8f57000-7f5be8f5a000 r-xp 00000000 08:01 8917900                    /lib/x86_64-linux-gnu/libdl-2.19.so
7f5be8f5a000-7f5be9159000 ---p 00003000 08:01 8917900                    /lib/x86_64-linux-gnu/libdl-2.19.so
7f5be9159000-7f5be915a000 r--p 00002000 08:01 8917900                    /lib/x86_64-linux-gnu/libdl-2.19.so
7f5be915a000-7f5be915b000 rw-p 00003000 08:01 8917900                    /lib/x86_64-linux-gnu/libdl-2.19.so
7f5be915b000-7f5be9317000 r-xp 00000000 08:01 8916724                    /lib/x86_64-linux-gnu/libc-2.19.so
7f5be9317000-7f5be9516000 ---p 001bc000 08:01 8916724                    /lib/x86_64-linux-gnu/libc-2.19.so
7f5be9516000-7f5be951a000 r--p 001bb000 08:01 8916724                    /lib/x86_64-linux-gnu/libc-2.19.so
7f5be951a000-7f5be951c000 rw-p 001bf000 08:01 8916724                    /lib/x86_64-linux-gnu/libc-2.19.so
7f5be951c000-7f5be9521000 rw-p 00000000 00:00 0 
7f5be9521000-7f5be952e000 r-xp 00000000 08:01 5900844                    /usr/lib/jvm/java-7-openjdk-amd64/jre/lib/amd64/jli/libjli.so
7f5be952e000-7f5be972d000 ---p 0000d000 08:01 5900844                    /usr/lib/jvm/java-7-openjdk-amd64/jre/lib/amd64/jli/libjli.so
7f5be972d000-7f5be972e000 r--p 0000c000 08:01 5900844                    /usr/lib/jvm/java-7-openjdk-amd64/jre/lib/amd64/jli/libjli.so
7f5be972e000-7f5be972f000 rw-p 0000d000 08:01 5900844                    /usr/lib/jvm/java-7-openjdk-amd64/jre/lib/amd64/jli/libjli.so
7f5be972f000-7f5be9752000 r-xp 00000000 08:01 8916723                    /lib/x86_64-linux-gnu/ld-2.19.so
7f5be9766000-7f5be9770000 rw-p 00000000 00:00 0 
7f5be9770000-7f5be9826000 rw-p 00000000 00:00 0 
7f5be9826000-7f5be9829000 ---p 00000000 00:00 0 
7f5be9829000-7f5be992c000 rw-p 00000000 00:00 0                          [stack:11891]
7f5be992f000-7f5be9945000 rw-p 00000000 00:00 0 
7f5be9945000-7f5be994d000 rw-s 00000000 08:01 8390528                    /tmp/hsperfdata_kyle/11889
7f5be994d000-7f5be994e000 rw-p 00000000 00:00 0 
7f5be994e000-7f5be994f000 r--p 00000000 00:00 0 
7f5be994f000-7f5be9951000 rw-p 00000000 00:00 0 
7f5be9951000-7f5be9952000 r--p 00022000 08:01 8916723                    /lib/x86_64-linux-gnu/ld-2.19.so
7f5be9952000-7f5be9953000 rw-p 00023000 08:01 8916723                    /lib/x86_64-linux-gnu/ld-2.19.so
7f5be9953000-7f5be9954000 rw-p 00000000 00:00 0 
7fffc95b3000-7fffc95d4000 rw-p 00000000 00:00 0                          [stack]
7fffc95fe000-7fffc9600000 r-xp 00000000 00:00 0                          [vdso]
ffffffffff600000-ffffffffff601000 r-xp 00000000 00:00 0                  [vsyscall]

VM Arguments:
jvm_args: -Dfile.encoding=UTF-8 -Xbootclasspath:/home/kyle/android-sdk-linux/platforms/android-19/android.jar:/home/kyle/android-sdk-linux/add-ons/addon-google_apis-google-19/libs/effects.jar:/home/kyle/android-sdk-linux/add-ons/addon-google_apis-google-19/libs/usb.jar:/home/kyle/android-sdk-linux/add-ons/addon-google_apis-google-19/libs/maps.jar 
java_command: org.eclipse.jdt.internal.junit.runner.RemoteTestRunner -version 3 -port 51375 -testLoaderClass org.eclipse.jdt.internal.junit.runner.junit3.JUnit3TestLoader -loaderpluginname org.eclipse.jdt.junit.runtime -classNames org.tomdroid.test.TomdroidGuiTest
Launcher Type: SUN_STANDARD

Environment Variables:
JAVA_HOME=/home/kyle/usr/local/java/jdk1.8.0_05
PATH=/usr/local/sbin:/usr/local/bin:/usr/sbin:/usr/bin:/sbin:/bin:/usr/games:/usr/local/games:/home/kyle/android-studio/bin:
LD_LIBRARY_PATH=/usr/lib32
SHELL=/bin/bash
DISPLAY=:0.0

Signal Handlers:
SIGSEGV: [libjvm.so+0x918620], sa_mask[0]=0x7ffbfeff, sa_flags=0x10000004
SIGBUS: [libjvm.so+0x918620], sa_mask[0]=0x7ffbfeff, sa_flags=0x10000004
SIGFPE: [libjvm.so+0x795e30], sa_mask[0]=0x7ffbfeff, sa_flags=0x10000004
SIGPIPE: [libjvm.so+0x795e30], sa_mask[0]=0x7ffbfeff, sa_flags=0x10000004
SIGXFSZ: [libjvm.so+0x795e30], sa_mask[0]=0x7ffbfeff, sa_flags=0x10000004
SIGILL: [libjvm.so+0x795e30], sa_mask[0]=0x7ffbfeff, sa_flags=0x10000004
SIGUSR1: SIG_DFL, sa_mask[0]=0x00000000, sa_flags=0x00000000
SIGUSR2: [libjvm.so+0x795cd0], sa_mask[0]=0x00000004, sa_flags=0x10000004
SIGHUP: SIG_DFL, sa_mask[0]=0x00000000, sa_flags=0x00000000
SIGINT: SIG_DFL, sa_mask[0]=0x00000000, sa_flags=0x00000000
SIGTERM: SIG_DFL, sa_mask[0]=0x00000000, sa_flags=0x00000000
SIGQUIT: SIG_DFL, sa_mask[0]=0x00000000, sa_flags=0x00000000


---------------  S Y S T E M  ---------------

OS:Ubuntu 14.04 (trusty)
uname:Linux 3.13.0-29-generic #53-Ubuntu SMP Wed Jun 4 21:00:20 UTC 2014 x86_64
libc:glibc 2.19 NPTL 2.19 
rlimit: STACK 8192k, CORE 0k, NPROC 27247, NOFILE 4096, AS infinity
load average:1.04 0.87 0.90

/proc/meminfo:
MemTotal:        3509272 kB
MemFree:          210672 kB
Buffers:           33384 kB
Cached:           372652 kB
SwapCached:       105996 kB
Active:          1908704 kB
Inactive:         770764 kB
Active(anon):    1727780 kB
Inactive(anon):   637780 kB
Active(file):     180924 kB
Inactive(file):   132984 kB
Unevictable:         264 kB
Mlocked:             264 kB
SwapTotal:       3645436 kB
SwapFree:        2921948 kB
Dirty:                32 kB
Writeback:             0 kB
AnonPages:       2220256 kB
Mapped:           338816 kB
Shmem:             92180 kB
Slab:             273456 kB
SReclaimable:     233568 kB
SUnreclaim:        39888 kB
KernelStack:        5064 kB
PageTables:        61120 kB
NFS_Unstable:          0 kB
Bounce:                0 kB
WritebackTmp:          0 kB
CommitLimit:     5400072 kB
Committed_AS:    7742900 kB
VmallocTotal:   34359738367 kB
VmallocUsed:      103720 kB
VmallocChunk:   34359625876 kB
HardwareCorrupted:     0 kB
AnonHugePages:    632832 kB
HugePages_Total:       0
HugePages_Free:        0
HugePages_Rsvd:        0
HugePages_Surp:        0
Hugepagesize:       2048 kB
DirectMap4k:      515880 kB
DirectMap2M:     3131392 kB
DirectMap1G:           0 kB


CPU:total 2 (2 cores per cpu, 1 threads per core) family 18 model 1 stepping 0, cmov, cx8, fxsr, mmx, sse, sse2, sse3, popcnt, mmxext, 3dnowpref, lzcnt, sse4a, tsc, tscinvbit, tscinv

/proc/cpuinfo:
processor	: 0
vendor_id	: AuthenticAMD
cpu family	: 18
model		: 1
model name	: AMD A4-3300M APU with Radeon(tm) HD Graphics
stepping	: 0
microcode	: 0x3000027
cpu MHz		: 1900.000
cache size	: 1024 KB
physical id	: 0
siblings	: 2
core id		: 0
cpu cores	: 2
apicid		: 0
initial apicid	: 0
fpu		: yes
fpu_exception	: yes
cpuid level	: 6
wp		: yes
flags		: fpu vme de pse tsc msr pae mce cx8 apic sep mtrr pge mca cmov pat pse36 clflush mmx fxsr sse sse2 ht syscall nx mmxext fxsr_opt pdpe1gb rdtscp lm 3dnowext 3dnow constant_tsc rep_good nopl nonstop_tsc extd_apicid aperfmperf pni monitor cx16 popcnt lahf_lm cmp_legacy svm extapic cr8_legacy abm sse4a misalignsse 3dnowprefetch osvw ibs skinit wdt arat cpb hw_pstate npt lbrv svm_lock nrip_save pausefilter
bogomips	: 3793.45
TLB size	: 1536 4K pages
clflush size	: 64
cache_alignment	: 64
address sizes	: 40 bits physical, 48 bits virtual
power management: ts ttp tm stc 100mhzsteps hwpstate cpb

processor	: 1
vendor_id	: AuthenticAMD
cpu family	: 18
model		: 1
model name	: AMD A4-3300M APU with Radeon(tm) HD Graphics
stepping	: 0
microcode	: 0x3000027
cpu MHz		: 1900.000
cache size	: 1024 KB
physical id	: 0
siblings	: 2
core id		: 1
cpu cores	: 2
apicid		: 1
initial apicid	: 1
fpu		: yes
fpu_exception	: yes
cpuid level	: 6
wp		: yes
flags		: fpu vme de pse tsc msr pae mce cx8 apic sep mtrr pge mca cmov pat pse36 clflush mmx fxsr sse sse2 ht syscall nx mmxext fxsr_opt pdpe1gb rdtscp lm 3dnowext 3dnow constant_tsc rep_good nopl nonstop_tsc extd_apicid aperfmperf pni monitor cx16 popcnt lahf_lm cmp_legacy svm extapic cr8_legacy abm sse4a misalignsse 3dnowprefetch osvw ibs skinit wdt arat cpb hw_pstate npt lbrv svm_lock nrip_save pausefilter
bogomips	: 3793.45
TLB size	: 1536 4K pages
clflush size	: 64
cache_alignment	: 64
address sizes	: 40 bits physical, 48 bits virtual
power management: ts ttp tm stc 100mhzsteps hwpstate cpb



Memory: 4k page, physical 3509272k(210672k free), swap 3645436k(2921948k free)

vm_info: OpenJDK 64-Bit Server VM (24.51-b03) for linux-amd64 JRE (1.7.0_55-b14), built on Apr 17 2014 20:08:07 by "buildd" with gcc 4.8.2

time: Fri Jun 13 11:25:57 2014
elapsed time: 0 seconds

