#
# A fatal error has been detected by the Java Runtime Environment:
#
#  Internal Error (javaClasses.cpp:136), pid=11066, tid=140391681976064
#  fatal error: Invalid layout of preloaded class
#
# JRE version:  (7.0_55-b14) (build )
# Java VM: OpenJDK 64-Bit Server VM (24.51-b03 mixed mode linux-amd64 compressed oops)
# Failed to write core dump. Core dumps have been disabled. To enable core dumping, try "ulimit -c unlimited" before starting Java again
#
# If you would like to submit a bug report, please include
# instructions on how to reproduce the bug and visit:
#   http://icedtea.classpath.org/bugzilla
#

---------------  T H R E A D  ---------------

Current thread (0x00007faf7400a800):  JavaThread "Unknown thread" [_thread_in_vm, id=11069, stack(0x00007faf7c456000,0x00007faf7c557000)]

Stack: [0x00007faf7c456000,0x00007faf7c557000],  sp=0x00007faf7c555910,  free space=1022k
Native frames: (J=compiled Java code, j=interpreted, Vv=VM code, C=native code)
V  [libjvm.so+0x917b35]  VMError::report_and_die()+0x175
V  [libjvm.so+0x4680b4]  report_fatal(char const*, int, char const*)+0x54
V  [libjvm.so+0x5c0e8a]  compute_offset(int&, klassOopDesc*, Symbol*, Symbol*, bool) [clone .constprop.121]+0x10a
V  [libjvm.so+0x5c1496]  java_lang_String::compute_offsets()+0x36
V  [libjvm.so+0x89e74c]  SystemDictionary::initialize_preloaded_classes(Thread*)+0xcc
V  [libjvm.so+0x8e9698]  Universe::genesis(Thread*)+0x468
V  [libjvm.so+0x8e9ca4]  universe2_init()+0x24
V  [libjvm.so+0x575b8a]  init_globals()+0x9a
V  [libjvm.so+0x8ccfaf]  Threads::create_vm(JavaVMInitArgs*, bool*)+0x35f
V  [libjvm.so+0x5df3d4]  JNI_CreateJavaVM+0x54
C  [libjli.so+0x2b18]  __strcat_chk+0x2b18


---------------  P R O C E S S  ---------------

Java Threads: ( => current thread )

Other Threads:

=>0x00007faf7400a800 (exited) JavaThread "Unknown thread" [_thread_in_vm, id=11069, stack(0x00007faf7c456000,0x00007faf7c557000)]

VM state:not at safepoint (not fully initialized)

VM Mutex/Monitor currently owned by a thread: None

GC Heap History (0 events):
No events

Deoptimization events (0 events):
No events

Internal exceptions (0 events):
No events

Events (10 events):
Event: 0.151 loading class 0x00007faf788eb6f0 done
Event: 0.151 loading class 0x00007faf788eb110 done
Event: 0.151 loading class 0x00007faf788eb0f0
Event: 0.152 loading class 0x00007faf788f3130
Event: 0.152 loading class 0x00007faf788f3130 done
Event: 0.152 loading class 0x00007faf788f3160
Event: 0.152 loading class 0x00007faf788f3160 done
Event: 0.152 loading class 0x00007faf788f3190
Event: 0.152 loading class 0x00007faf788f3190 done
Event: 0.152 loading class 0x00007faf788eb0f0 done


Dynamic libraries:
00400000-00401000 r-xp 00000000 08:01 6032659                            /usr/lib/jvm/java-7-openjdk-amd64/jre/bin/java
00600000-00601000 r--p 00000000 08:01 6032659                            /usr/lib/jvm/java-7-openjdk-amd64/jre/bin/java
00601000-00602000 rw-p 00001000 08:01 6032659                            /usr/lib/jvm/java-7-openjdk-amd64/jre/bin/java
016d8000-016f9000 rw-p 00000000 00:00 0                                  [heap]
c0000000-c1500000 rw-p 00000000 00:00 0 
c1500000-ca600000 rw-p 00000000 00:00 0 
ca600000-cc980000 rw-p 00000000 00:00 0 
cc980000-ee200000 rw-p 00000000 00:00 0 
ee200000-ef400000 rw-p 00000000 00:00 0 
ef400000-100000000 rw-p 00000000 00:00 0 
7faf60000000-7faf60021000 rw-p 00000000 00:00 0 
7faf60021000-7faf64000000 ---p 00000000 00:00 0 
7faf68000000-7faf68021000 rw-p 00000000 00:00 0 
7faf68021000-7faf6c000000 ---p 00000000 00:00 0 
7faf6f000000-7faf71000000 rw-p 00000000 00:00 0 
7faf71000000-7faf71270000 rwxp 00000000 00:00 0 
7faf71270000-7faf74053000 rw-p 00000000 00:00 0 
7faf74053000-7faf78000000 ---p 00000000 00:00 0 
7faf78541000-7faf7879e000 rw-p 00000000 00:00 0 
7faf7879e000-7faf78875000 r--s 013fe000 08:01 2890511                    /home/kyle/android-sdk-linux/platforms/android-19/android.jar
7faf78875000-7faf78b6e000 rw-p 00000000 00:00 0 
7faf78b6e000-7faf78b6f000 ---p 00000000 00:00 0 
7faf78b6f000-7faf78c6f000 rw-p 00000000 00:00 0                          [stack:11074]
7faf78c6f000-7faf78c70000 ---p 00000000 00:00 0 
7faf78c70000-7faf78d7b000 rw-p 00000000 00:00 0                          [stack:11072]
7faf78d7b000-7faf78dc3000 rw-p 00000000 00:00 0 
7faf78dc3000-7faf78dd5000 rw-p 00000000 00:00 0 
7faf78dd5000-7faf78ee1000 rw-p 00000000 00:00 0 
7faf78ee1000-7faf78eec000 rw-p 00000000 00:00 0 
7faf78eec000-7faf78f34000 rw-p 00000000 00:00 0 
7faf78f34000-7faf78f46000 rw-p 00000000 00:00 0 
7faf78f46000-7faf79052000 rw-p 00000000 00:00 0 
7faf79052000-7faf7905b000 rw-p 00000000 00:00 0 
7faf7905b000-7faf790e1000 rw-p 00000000 00:00 0 
7faf790e1000-7faf790e2000 rw-p 00000000 00:00 0 
7faf790e2000-7faf790ea000 r-xp 00000000 08:01 5900824                    /usr/lib/jvm/java-7-openjdk-amd64/jre/lib/amd64/libzip.so
7faf790ea000-7faf792e9000 ---p 00008000 08:01 5900824                    /usr/lib/jvm/java-7-openjdk-amd64/jre/lib/amd64/libzip.so
7faf792e9000-7faf792ea000 r--p 00007000 08:01 5900824                    /usr/lib/jvm/java-7-openjdk-amd64/jre/lib/amd64/libzip.so
7faf792ea000-7faf792eb000 rw-p 00008000 08:01 5900824                    /usr/lib/jvm/java-7-openjdk-amd64/jre/lib/amd64/libzip.so
7faf792eb000-7faf792f6000 r-xp 00000000 08:01 8917713                    /lib/x86_64-linux-gnu/libnss_files-2.19.so
7faf792f6000-7faf794f5000 ---p 0000b000 08:01 8917713                    /lib/x86_64-linux-gnu/libnss_files-2.19.so
7faf794f5000-7faf794f6000 r--p 0000a000 08:01 8917713                    /lib/x86_64-linux-gnu/libnss_files-2.19.so
7faf794f6000-7faf794f7000 rw-p 0000b000 08:01 8917713                    /lib/x86_64-linux-gnu/libnss_files-2.19.so
7faf794f7000-7faf79502000 r-xp 00000000 08:01 8917835                    /lib/x86_64-linux-gnu/libnss_nis-2.19.so
7faf79502000-7faf79701000 ---p 0000b000 08:01 8917835                    /lib/x86_64-linux-gnu/libnss_nis-2.19.so
7faf79701000-7faf79702000 r--p 0000a000 08:01 8917835                    /lib/x86_64-linux-gnu/libnss_nis-2.19.so
7faf79702000-7faf79703000 rw-p 0000b000 08:01 8917835                    /lib/x86_64-linux-gnu/libnss_nis-2.19.so
7faf79703000-7faf7971a000 r-xp 00000000 08:01 8917832                    /lib/x86_64-linux-gnu/libnsl-2.19.so
7faf7971a000-7faf79919000 ---p 00017000 08:01 8917832                    /lib/x86_64-linux-gnu/libnsl-2.19.so
7faf79919000-7faf7991a000 r--p 00016000 08:01 8917832                    /lib/x86_64-linux-gnu/libnsl-2.19.so
7faf7991a000-7faf7991b000 rw-p 00017000 08:01 8917832                    /lib/x86_64-linux-gnu/libnsl-2.19.so
7faf7991b000-7faf7991d000 rw-p 00000000 00:00 0 
7faf7991d000-7faf79926000 r-xp 00000000 08:01 8917836                    /lib/x86_64-linux-gnu/libnss_compat-2.19.so
7faf79926000-7faf79b25000 ---p 00009000 08:01 8917836                    /lib/x86_64-linux-gnu/libnss_compat-2.19.so
7faf79b25000-7faf79b26000 r--p 00008000 08:01 8917836                    /lib/x86_64-linux-gnu/libnss_compat-2.19.so
7faf79b26000-7faf79b27000 rw-p 00009000 08:01 8917836                    /lib/x86_64-linux-gnu/libnss_compat-2.19.so
7faf79b27000-7faf79b52000 r-xp 00000000 08:01 5900820                    /usr/lib/jvm/java-7-openjdk-amd64/jre/lib/amd64/libjava.so
7faf79b52000-7faf79d51000 ---p 0002b000 08:01 5900820                    /usr/lib/jvm/java-7-openjdk-amd64/jre/lib/amd64/libjava.so
7faf79d51000-7faf79d52000 r--p 0002a000 08:01 5900820                    /usr/lib/jvm/java-7-openjdk-amd64/jre/lib/amd64/libjava.so
7faf79d52000-7faf79d54000 rw-p 0002b000 08:01 5900820                    /usr/lib/jvm/java-7-openjdk-amd64/jre/lib/amd64/libjava.so
7faf79d54000-7faf79d64000 r-xp 00000000 08:01 5900851                    /usr/lib/jvm/java-7-openjdk-amd64/jre/lib/amd64/libverify.so
7faf79d64000-7faf79f63000 ---p 00010000 08:01 5900851                    /usr/lib/jvm/java-7-openjdk-amd64/jre/lib/amd64/libverify.so
7faf79f63000-7faf79f65000 r--p 0000f000 08:01 5900851                    /usr/lib/jvm/java-7-openjdk-amd64/jre/lib/amd64/libverify.so
7faf79f65000-7faf79f66000 rw-p 00011000 08:01 5900851                    /usr/lib/jvm/java-7-openjdk-amd64/jre/lib/amd64/libverify.so
7faf79f66000-7faf79f6d000 r-xp 00000000 08:01 8917912                    /lib/x86_64-linux-gnu/librt-2.19.so
7faf79f6d000-7faf7a16c000 ---p 00007000 08:01 8917912                    /lib/x86_64-linux-gnu/librt-2.19.so
7faf7a16c000-7faf7a16d000 r--p 00006000 08:01 8917912                    /lib/x86_64-linux-gnu/librt-2.19.so
7faf7a16d000-7faf7a16e000 rw-p 00007000 08:01 8917912                    /lib/x86_64-linux-gnu/librt-2.19.so
7faf7a16e000-7faf7a184000 r-xp 00000000 08:01 8916740                    /lib/x86_64-linux-gnu/libgcc_s.so.1
7faf7a184000-7faf7a383000 ---p 00016000 08:01 8916740                    /lib/x86_64-linux-gnu/libgcc_s.so.1
7faf7a383000-7faf7a384000 rw-p 00015000 08:01 8916740                    /lib/x86_64-linux-gnu/libgcc_s.so.1
7faf7a384000-7faf7a489000 r-xp 00000000 08:01 8917746                    /lib/x86_64-linux-gnu/libm-2.19.so
7faf7a489000-7faf7a688000 ---p 00105000 08:01 8917746                    /lib/x86_64-linux-gnu/libm-2.19.so
7faf7a688000-7faf7a689000 r--p 00104000 08:01 8917746                    /lib/x86_64-linux-gnu/libm-2.19.so
7faf7a689000-7faf7a68a000 rw-p 00105000 08:01 8917746                    /lib/x86_64-linux-gnu/libm-2.19.so
7faf7a68a000-7faf7a770000 r-xp 00000000 08:01 4981081                    /usr/lib/x86_64-linux-gnu/libstdc++.so.6.0.19
7faf7a770000-7faf7a96f000 ---p 000e6000 08:01 4981081                    /usr/lib/x86_64-linux-gnu/libstdc++.so.6.0.19
7faf7a96f000-7faf7a977000 r--p 000e5000 08:01 4981081                    /usr/lib/x86_64-linux-gnu/libstdc++.so.6.0.19
7faf7a977000-7faf7a979000 rw-p 000ed000 08:01 4981081                    /usr/lib/x86_64-linux-gnu/libstdc++.so.6.0.19
7faf7a979000-7faf7a98e000 rw-p 00000000 00:00 0 
7faf7a98e000-7faf7b46f000 r-xp 00000000 08:01 5900834                    /usr/lib/jvm/java-7-openjdk-amd64/jre/lib/amd64/server/libjvm.so
7faf7b46f000-7faf7b66e000 ---p 00ae1000 08:01 5900834                    /usr/lib/jvm/java-7-openjdk-amd64/jre/lib/amd64/server/libjvm.so
7faf7b66e000-7faf7b700000 r--p 00ae0000 08:01 5900834                    /usr/lib/jvm/java-7-openjdk-amd64/jre/lib/amd64/server/libjvm.so
7faf7b700000-7faf7b723000 rw-p 00b72000 08:01 5900834                    /usr/lib/jvm/java-7-openjdk-amd64/jre/lib/amd64/server/libjvm.so
7faf7b723000-7faf7b750000 rw-p 00000000 00:00 0 
7faf7b750000-7faf7b768000 r-xp 00000000 08:01 8916921                    /lib/x86_64-linux-gnu/libz.so.1.2.8
7faf7b768000-7faf7b967000 ---p 00018000 08:01 8916921                    /lib/x86_64-linux-gnu/libz.so.1.2.8
7faf7b967000-7faf7b968000 r--p 00017000 08:01 8916921                    /lib/x86_64-linux-gnu/libz.so.1.2.8
7faf7b968000-7faf7b969000 rw-p 00018000 08:01 8916921                    /lib/x86_64-linux-gnu/libz.so.1.2.8
7faf7b969000-7faf7b982000 r-xp 00000000 08:01 8917911                    /lib/x86_64-linux-gnu/libpthread-2.19.so
7faf7b982000-7faf7bb81000 ---p 00019000 08:01 8917911                    /lib/x86_64-linux-gnu/libpthread-2.19.so
7faf7bb81000-7faf7bb82000 r--p 00018000 08:01 8917911                    /lib/x86_64-linux-gnu/libpthread-2.19.so
7faf7bb82000-7faf7bb83000 rw-p 00019000 08:01 8917911                    /lib/x86_64-linux-gnu/libpthread-2.19.so
7faf7bb83000-7faf7bb87000 rw-p 00000000 00:00 0 
7faf7bb87000-7faf7bb8a000 r-xp 00000000 08:01 8917900                    /lib/x86_64-linux-gnu/libdl-2.19.so
7faf7bb8a000-7faf7bd89000 ---p 00003000 08:01 8917900                    /lib/x86_64-linux-gnu/libdl-2.19.so
7faf7bd89000-7faf7bd8a000 r--p 00002000 08:01 8917900                    /lib/x86_64-linux-gnu/libdl-2.19.so
7faf7bd8a000-7faf7bd8b000 rw-p 00003000 08:01 8917900                    /lib/x86_64-linux-gnu/libdl-2.19.so
7faf7bd8b000-7faf7bf47000 r-xp 00000000 08:01 8916724                    /lib/x86_64-linux-gnu/libc-2.19.so
7faf7bf47000-7faf7c146000 ---p 001bc000 08:01 8916724                    /lib/x86_64-linux-gnu/libc-2.19.so
7faf7c146000-7faf7c14a000 r--p 001bb000 08:01 8916724                    /lib/x86_64-linux-gnu/libc-2.19.so
7faf7c14a000-7faf7c14c000 rw-p 001bf000 08:01 8916724                    /lib/x86_64-linux-gnu/libc-2.19.so
7faf7c14c000-7faf7c151000 rw-p 00000000 00:00 0 
7faf7c151000-7faf7c15e000 r-xp 00000000 08:01 5900844                    /usr/lib/jvm/java-7-openjdk-amd64/jre/lib/amd64/jli/libjli.so
7faf7c15e000-7faf7c35d000 ---p 0000d000 08:01 5900844                    /usr/lib/jvm/java-7-openjdk-amd64/jre/lib/amd64/jli/libjli.so
7faf7c35d000-7faf7c35e000 r--p 0000c000 08:01 5900844                    /usr/lib/jvm/java-7-openjdk-amd64/jre/lib/amd64/jli/libjli.so
7faf7c35e000-7faf7c35f000 rw-p 0000d000 08:01 5900844                    /usr/lib/jvm/java-7-openjdk-amd64/jre/lib/amd64/jli/libjli.so
7faf7c35f000-7faf7c382000 r-xp 00000000 08:01 8916723                    /lib/x86_64-linux-gnu/ld-2.19.so
7faf7c396000-7faf7c3a0000 rw-p 00000000 00:00 0 
7faf7c3a0000-7faf7c456000 rw-p 00000000 00:00 0 
7faf7c456000-7faf7c459000 ---p 00000000 00:00 0 
7faf7c459000-7faf7c55c000 rw-p 00000000 00:00 0                          [stack:11069]
7faf7c55f000-7faf7c575000 rw-p 00000000 00:00 0 
7faf7c575000-7faf7c57d000 rw-s 00000000 08:01 8390528                    /tmp/hsperfdata_kyle/11066
7faf7c57d000-7faf7c57e000 rw-p 00000000 00:00 0 
7faf7c57e000-7faf7c57f000 r--p 00000000 00:00 0 
7faf7c57f000-7faf7c581000 rw-p 00000000 00:00 0 
7faf7c581000-7faf7c582000 r--p 00022000 08:01 8916723                    /lib/x86_64-linux-gnu/ld-2.19.so
7faf7c582000-7faf7c583000 rw-p 00023000 08:01 8916723                    /lib/x86_64-linux-gnu/ld-2.19.so
7faf7c583000-7faf7c584000 rw-p 00000000 00:00 0 
7fff662e1000-7fff66302000 rw-p 00000000 00:00 0                          [stack]
7fff663fe000-7fff66400000 r-xp 00000000 00:00 0                          [vdso]
ffffffffff600000-ffffffffff601000 r-xp 00000000 00:00 0                  [vsyscall]

VM Arguments:
jvm_args: -Dfile.encoding=UTF-8 -Xbootclasspath:/home/kyle/android-sdk-linux/platforms/android-19/android.jar:/home/kyle/android-sdk-linux/add-ons/addon-google_apis-google-19/libs/effects.jar:/home/kyle/android-sdk-linux/add-ons/addon-google_apis-google-19/libs/usb.jar:/home/kyle/android-sdk-linux/add-ons/addon-google_apis-google-19/libs/maps.jar 
java_command: org.eclipse.jdt.internal.junit.runner.RemoteTestRunner -version 3 -port 36490 -testLoaderClass org.eclipse.jdt.internal.junit.runner.junit3.JUnit3TestLoader -loaderpluginname org.eclipse.jdt.junit.runtime -classNames org.tomdroid.test.TomdroidGuiTest
Launcher Type: SUN_STANDARD

Environment Variables:
JAVA_HOME=/home/kyle/usr/local/java/jdk1.8.0_05
PATH=/usr/local/sbin:/usr/local/bin:/usr/sbin:/usr/bin:/sbin:/bin:/usr/games:/usr/local/games:/home/kyle/android-studio/bin:
LD_LIBRARY_PATH=/usr/lib32
SHELL=/bin/bash
DISPLAY=:0.0

Signal Handlers:
SIGSEGV: [libjvm.so+0x918620], sa_mask[0]=0x7ffbfeff, sa_flags=0x10000004
SIGBUS: [libjvm.so+0x918620], sa_mask[0]=0x7ffbfeff, sa_flags=0x10000004
SIGFPE: [libjvm.so+0x795e30], sa_mask[0]=0x7ffbfeff, sa_flags=0x10000004
SIGPIPE: [libjvm.so+0x795e30], sa_mask[0]=0x7ffbfeff, sa_flags=0x10000004
SIGXFSZ: [libjvm.so+0x795e30], sa_mask[0]=0x7ffbfeff, sa_flags=0x10000004
SIGILL: [libjvm.so+0x795e30], sa_mask[0]=0x7ffbfeff, sa_flags=0x10000004
SIGUSR1: SIG_DFL, sa_mask[0]=0x00000000, sa_flags=0x00000000
SIGUSR2: [libjvm.so+0x795cd0], sa_mask[0]=0x00000004, sa_flags=0x10000004
SIGHUP: SIG_DFL, sa_mask[0]=0x00000000, sa_flags=0x00000000
SIGINT: SIG_DFL, sa_mask[0]=0x00000000, sa_flags=0x00000000
SIGTERM: SIG_DFL, sa_mask[0]=0x00000000, sa_flags=0x00000000
SIGQUIT: SIG_DFL, sa_mask[0]=0x00000000, sa_flags=0x00000000


---------------  S Y S T E M  ---------------

OS:Ubuntu 14.04 (trusty)
uname:Linux 3.13.0-29-generic #53-Ubuntu SMP Wed Jun 4 21:00:20 UTC 2014 x86_64
libc:glibc 2.19 NPTL 2.19 
rlimit: STACK 8192k, CORE 0k, NPROC 27247, NOFILE 4096, AS infinity
load average:0.47 0.63 0.92

/proc/meminfo:
MemTotal:        3509272 kB
MemFree:          154768 kB
Buffers:          114644 kB
Cached:           380404 kB
SwapCached:        91920 kB
Active:          1856324 kB
Inactive:         864488 kB
Active(anon):    1652692 kB
Inactive(anon):   661248 kB
Active(file):     203632 kB
Inactive(file):   203240 kB
Unevictable:         264 kB
Mlocked:             264 kB
SwapTotal:       3645436 kB
SwapFree:        2947192 kB
Dirty:               140 kB
Writeback:             0 kB
AnonPages:       2185796 kB
Mapped:           324088 kB
Shmem:             87868 kB
Slab:             290244 kB
SReclaimable:     250256 kB
SUnreclaim:        39988 kB
KernelStack:        5032 kB
PageTables:        59588 kB
NFS_Unstable:          0 kB
Bounce:                0 kB
WritebackTmp:          0 kB
CommitLimit:     5400072 kB
Committed_AS:    7597252 kB
VmallocTotal:   34359738367 kB
VmallocUsed:      103720 kB
VmallocChunk:   34359625876 kB
HardwareCorrupted:     0 kB
AnonHugePages:    636928 kB
HugePages_Total:       0
HugePages_Free:        0
HugePages_Rsvd:        0
HugePages_Surp:        0
Hugepagesize:       2048 kB
DirectMap4k:      515880 kB
DirectMap2M:     3131392 kB
DirectMap1G:           0 kB


CPU:total 2 (2 cores per cpu, 1 threads per core) family 18 model 1 stepping 0, cmov, cx8, fxsr, mmx, sse, sse2, sse3, popcnt, mmxext, 3dnowpref, lzcnt, sse4a, tsc, tscinvbit, tscinv

/proc/cpuinfo:
processor	: 0
vendor_id	: AuthenticAMD
cpu family	: 18
model		: 1
model name	: AMD A4-3300M APU with Radeon(tm) HD Graphics
stepping	: 0
microcode	: 0x3000027
cpu MHz		: 1900.000
cache size	: 1024 KB
physical id	: 0
siblings	: 2
core id		: 0
cpu cores	: 2
apicid		: 0
initial apicid	: 0
fpu		: yes
fpu_exception	: yes
cpuid level	: 6
wp		: yes
flags		: fpu vme de pse tsc msr pae mce cx8 apic sep mtrr pge mca cmov pat pse36 clflush mmx fxsr sse sse2 ht syscall nx mmxext fxsr_opt pdpe1gb rdtscp lm 3dnowext 3dnow constant_tsc rep_good nopl nonstop_tsc extd_apicid aperfmperf pni monitor cx16 popcnt lahf_lm cmp_legacy svm extapic cr8_legacy abm sse4a misalignsse 3dnowprefetch osvw ibs skinit wdt arat cpb hw_pstate npt lbrv svm_lock nrip_save pausefilter
bogomips	: 3793.45
TLB size	: 1536 4K pages
clflush size	: 64
cache_alignment	: 64
address sizes	: 40 bits physical, 48 bits virtual
power management: ts ttp tm stc 100mhzsteps hwpstate cpb

processor	: 1
vendor_id	: AuthenticAMD
cpu family	: 18
model		: 1
model name	: AMD A4-3300M APU with Radeon(tm) HD Graphics
stepping	: 0
microcode	: 0x3000027
cpu MHz		: 1900.000
cache size	: 1024 KB
physical id	: 0
siblings	: 2
core id		: 1
cpu cores	: 2
apicid		: 1
initial apicid	: 1
fpu		: yes
fpu_exception	: yes
cpuid level	: 6
wp		: yes
flags		: fpu vme de pse tsc msr pae mce cx8 apic sep mtrr pge mca cmov pat pse36 clflush mmx fxsr sse sse2 ht syscall nx mmxext fxsr_opt pdpe1gb rdtscp lm 3dnowext 3dnow constant_tsc rep_good nopl nonstop_tsc extd_apicid aperfmperf pni monitor cx16 popcnt lahf_lm cmp_legacy svm extapic cr8_legacy abm sse4a misalignsse 3dnowprefetch osvw ibs skinit wdt arat cpb hw_pstate npt lbrv svm_lock nrip_save pausefilter
bogomips	: 3793.45
TLB size	: 1536 4K pages
clflush size	: 64
cache_alignment	: 64
address sizes	: 40 bits physical, 48 bits virtual
power management: ts ttp tm stc 100mhzsteps hwpstate cpb



Memory: 4k page, physical 3509272k(154768k free), swap 3645436k(2947192k free)

vm_info: OpenJDK 64-Bit Server VM (24.51-b03) for linux-amd64 JRE (1.7.0_55-b14), built on Apr 17 2014 20:08:07 by "buildd" with gcc 4.8.2

time: Fri Jun 13 11:13:52 2014
elapsed time: 0 seconds

